{'data': {'num_labeled': 250}, 'steps': {'updates': 1024, 'epochs': 250, 'test_epoch': 10}, 'hp': {'bs': 64, 'wd': 0.0005, 'lr': 0.03}, 'ref': {'threshold': 0.95, 'τ': 0.333, 'μ': 7, 'α': 0.05, 'order': 2, 'particles': 4}, 'seed': 0, 'num_workers': 4}
Files already downloaded and verified
{'epoch': 0, 'test_acc': 10.04, 'test_loss': 4.225, 'ema_test_acc': 10.04, 'ema_test_loss': 4.225, 'particle_accs': [10.01, 9.56, 10.0, 10.19]}
{'epoch': 1, 'ce_loss': 0.38761057154087025, 'loss': 0.7841847319873314, 'H_y': 1.0108609186123076, 'H_yx': 0.40314151242832896, 'masks': 597.3743890518084}
{'epoch': 2, 'ce_loss': 0.05272096555720093, 'loss': 0.742967678712843, 'H_y': 0.7000967317196165, 'H_yx': 0.6487108121169977, 'masks': 1027.4115347018574}
{'epoch': 3, 'ce_loss': 0.03455062571162848, 'loss': 0.7081308081702403, 'H_y': 0.6418868490910833, 'H_yx': 0.6309819218583353, 'masks': 1121.3812316715544}
{'epoch': 4, 'ce_loss': 0.02659608224540665, 'loss': 0.6712947499484028, 'H_y': 0.5894757649649157, 'H_yx': 0.6026824951055346, 'masks': 1184.834799608993}
{'epoch': 5, 'ce_loss': 0.021008526172488017, 'loss': 0.6358037313058579, 'H_y': 0.5438504996304405, 'H_yx': 0.5738137332050681, 'masks': 1239.4183773216032}
{'epoch': 6, 'ce_loss': 0.01771296126664892, 'loss': 0.6150641745194895, 'H_y': 0.49575991426045596, 'H_yx': 0.5558995570430308, 'masks': 1290.565982404692}
{'epoch': 7, 'ce_loss': 0.014713714304944557, 'loss': 0.5988499519295939, 'H_y': 0.44814797294920605, 'H_yx': 0.541769379132654, 'masks': 1332.9521016617791}
{'epoch': 8, 'ce_loss': 0.012113417913333376, 'loss': 0.5812342337324472, 'H_y': 0.4107685115621703, 'H_yx': 0.5265500293216164, 'masks': 1373.533724340176}
{'epoch': 9, 'ce_loss': 0.011070268542049698, 'loss': 0.5702126053829231, 'H_y': 0.3759220004489578, 'H_yx': 0.51593572650021, 'masks': 1403.7380254154448}
{'epoch': 10, 'ce_loss': 0.00804170253765981, 'loss': 0.5563342161950011, 'H_y': 0.3466930865717074, 'H_yx': 0.5048275847763609, 'masks': 1439.2003910068427}
{'epoch': 10, 'test_acc': 73.14, 'test_loss': 2.0, 'ema_test_acc': 74.68, 'ema_test_loss': 1.947, 'particle_accs': [64.67, 66.57, 68.2, 64.22]}
{'epoch': 11, 'ce_loss': 0.007226291618661323, 'loss': 0.5534592403985654, 'H_y': 0.3202411149895203, 'H_yx': 0.5016738036802204, 'masks': 1466.8289345063538}
{'epoch': 12, 'ce_loss': 0.006551296319792337, 'loss': 0.5404715435187954, 'H_y': 0.3053586225618016, 'H_yx': 0.4899823210281361, 'masks': 1482.5591397849462}
{'epoch': 13, 'ce_loss': 0.006645788966057543, 'loss': 0.5379414592204089, 'H_y': 0.2912728821135919, 'H_yx': 0.4869444918539284, 'masks': 1499.3460410557184}
{'epoch': 14, 'ce_loss': 0.00525143410287275, 'loss': 0.5273741450768878, 'H_y': 0.27469949012045053, 'H_yx': 0.47796004448351853, 'masks': 1515.1075268817203}
{'epoch': 15, 'ce_loss': 0.004589570494580009, 'loss': 0.525112728569165, 'H_y': 0.2636085294063257, 'H_yx': 0.4759833158693938, 'masks': 1528.9628543499512}
{'epoch': 16, 'ce_loss': 0.0046672187141659546, 'loss': 0.521389977818943, 'H_y': 0.26073742689217055, 'H_yx': 0.47246078303482525, 'masks': 1535.5307917888563}
{'epoch': 17, 'ce_loss': 0.004656951143267925, 'loss': 0.520101336410901, 'H_y': 0.25508109817348734, 'H_yx': 0.4710413511197937, 'masks': 1545.1710654936462}
{'epoch': 18, 'ce_loss': 0.0042220326521034916, 'loss': 0.5125185370386987, 'H_y': 0.2536604421346185, 'H_yx': 0.46461505886396703, 'masks': 1553.0615835777126}
{'epoch': 19, 'ce_loss': 0.0037751071928268, 'loss': 0.5102948036012063, 'H_y': 0.2505434570162177, 'H_yx': 0.46287942861997955, 'masks': 1561.0615835777126}
{'epoch': 20, 'ce_loss': 0.003855254296584512, 'loss': 0.5077016330010031, 'H_y': 0.2480888061392925, 'H_yx': 0.46037982061927735, 'masks': 1565.4301075268818}
{'epoch': 20, 'test_acc': 80.63, 'test_loss': 1.228, 'ema_test_acc': 83.9, 'ema_test_loss': 1.355, 'particle_accs': [77.24, 73.17, 76.79, 74.38]}
{'epoch': 21, 'ce_loss': 0.0034443645973861745, 'loss': 0.5026319098903753, 'H_y': 0.24737042136206305, 'H_yx': 0.45620168021580576, 'masks': 1572.7790811339198}
{'epoch': 22, 'ce_loss': 0.003992508792716256, 'loss': 0.4981895175672347, 'H_y': 0.2440999216552121, 'H_yx': 0.45160101457541757, 'masks': 1576.4271749755621}
{'epoch': 23, 'ce_loss': 0.0032388288437666703, 'loss': 0.4968601275574077, 'H_y': 0.24656355029967988, 'H_yx': 0.4512123257824869, 'masks': 1582.8533724340175}
{'epoch': 24, 'ce_loss': 0.0033268139969627594, 'loss': 0.49653767519798914, 'H_y': 0.24570045805921303, 'H_yx': 0.4508042472140647, 'masks': 1586.5395894428152}
{'epoch': 25, 'ce_loss': 0.0034073909606725634, 'loss': 0.4919833369327314, 'H_y': 0.243154814952979, 'H_yx': 0.4465560098256067, 'masks': 1590.4017595307919}
{'epoch': 26, 'ce_loss': 0.002829201475986014, 'loss': 0.4863996462912853, 'H_y': 0.24127017711730764, 'H_yx': 0.4420113320574383, 'masks': 1595.9491691104595}
{'epoch': 27, 'ce_loss': 0.0033193660085039716, 'loss': 0.49034135007205715, 'H_y': 0.23659526424906704, 'H_yx': 0.4448463892890095, 'masks': 1598.5581622678396}
{'epoch': 28, 'ce_loss': 0.0027671535958026425, 'loss': 0.48638718670647396, 'H_y': 0.23717716680011208, 'H_yx': 0.4418507719436116, 'masks': 1602.492668621701}
{'epoch': 29, 'ce_loss': 0.0027064086764038995, 'loss': 0.48394073314331143, 'H_y': 0.23861198115616833, 'H_yx': 0.439801352522823, 'masks': 1605.5718475073313}
{'epoch': 30, 'ce_loss': 0.002890943874854246, 'loss': 0.483276025028872, 'H_y': 0.23814563228878924, 'H_yx': 0.43902296328940815, 'masks': 1609.0166177908113}
{'epoch': 30, 'test_acc': 83.69, 'test_loss': 0.995, 'ema_test_acc': 87.04, 'ema_test_loss': 1.086, 'particle_accs': [79.05, 79.81, 80.54, 70.06]}
{'epoch': 31, 'ce_loss': 0.003169225830441763, 'loss': 0.48125313553059673, 'H_y': 0.23654099290904645, 'H_yx': 0.43689673428195197, 'masks': 1610.215053763441}
{'epoch': 32, 'ce_loss': 0.0024731665651492284, 'loss': 0.4788593168598932, 'H_y': 0.23315080939150276, 'H_yx': 0.43521772757653265, 'masks': 1613.4594330400782}
{'epoch': 33, 'ce_loss': 0.0027788562213440266, 'loss': 0.4756976921595669, 'H_y': 0.23325305355608988, 'H_yx': 0.4321400127569368, 'masks': 1615.1143695014662}
{'epoch': 34, 'ce_loss': 0.0024132246402211867, 'loss': 0.4726598928750785, 'H_y': 0.23391702297787278, 'H_yx': 0.4297973571576448, 'masks': 1618.6217008797653}
{'epoch': 35, 'ce_loss': 0.002737507631793508, 'loss': 0.4749186924009612, 'H_y': 0.23367580081011194, 'H_yx': 0.4315052954216041, 'masks': 1619.6647116324536}
{'epoch': 36, 'ce_loss': 0.002332776939301135, 'loss': 0.4730578126387629, 'H_y': 0.2264815622381684, 'H_yx': 0.429850904910096, 'masks': 1622.6089931573802}
{'epoch': 37, 'ce_loss': 0.0025540603545140695, 'loss': 0.4749577513013767, 'H_y': 0.2293484230777968, 'H_yx': 0.4314867604454708, 'masks': 1624.6578690127078}
{'epoch': 38, 'ce_loss': 0.002227336121372416, 'loss': 0.4667167630946065, 'H_y': 0.23343240502467952, 'H_yx': 0.4246543002909346, 'masks': 1626.4349951124145}
{'epoch': 39, 'ce_loss': 0.002560586521621788, 'loss': 0.46872943354258906, 'H_y': 0.2300754142879624, 'H_yx': 0.42597964070992267, 'masks': 1628.5581622678396}
{'epoch': 40, 'ce_loss': 0.0023301655574804172, 'loss': 0.46654636477678285, 'H_y': 0.22895156828830435, 'H_yx': 0.42418732738098675, 'masks': 1630.1114369501465}
{'epoch': 40, 'test_acc': 85.11, 'test_loss': 0.927, 'ema_test_acc': 88.39, 'ema_test_loss': 0.948, 'particle_accs': [77.27, 78.78, 78.53, 76.02]}
{'epoch': 41, 'ce_loss': 0.0022007832831327963, 'loss': 0.465391341775277, 'H_y': 0.2299677807098493, 'H_yx': 0.4233262305851673, 'masks': 1632.1133919843596}
{'epoch': 42, 'ce_loss': 0.0022886092757793677, 'loss': 0.46369973594142544, 'H_y': 0.22710819720114897, 'H_yx': 0.4216011385938639, 'masks': 1632.5112414467253}
{'epoch': 43, 'ce_loss': 0.00249333500592015, 'loss': 0.4635064176858229, 'H_y': 0.2277896264140091, 'H_yx': 0.4212813050807513, 'masks': 1634.1065493646138}
{'epoch': 44, 'ce_loss': 0.002215081952014334, 'loss': 0.46554730096986685, 'H_y': 0.22990234720567104, 'H_yx': 0.4234489114811227, 'masks': 1637.0439882697947}
{'epoch': 45, 'ce_loss': 0.002362194229809536, 'loss': 0.4636308489365545, 'H_y': 0.22911246043729175, 'H_yx': 0.4215746780935737, 'masks': 1636.5298142717497}
{'epoch': 46, 'ce_loss': 0.0024286860223535055, 'loss': 0.45827968991047474, 'H_y': 0.22757028738074989, 'H_yx': 0.41668067702100425, 'masks': 1637.3264907135874}
{'epoch': 47, 'ce_loss': 0.002306810215696436, 'loss': 0.45933679713415143, 'H_y': 0.22794207709159553, 'H_yx': 0.41774751256171794, 'masks': 1638.97165200391}
{'epoch': 48, 'ce_loss': 0.002144135922465014, 'loss': 0.4589144223654608, 'H_y': 0.22831218754499422, 'H_yx': 0.41753511586729963, 'masks': 1640.565982404692}
{'epoch': 49, 'ce_loss': 0.0023481638715742996, 'loss': 0.45854212720955806, 'H_y': 0.23301535908893872, 'H_yx': 0.4172578599970362, 'masks': 1639.1554252199414}
{'epoch': 50, 'ce_loss': 0.0022054212590147337, 'loss': 0.4569682057651956, 'H_y': 0.23287262492981592, 'H_yx': 0.4159782448763488, 'masks': 1641.6265884652983}
{'epoch': 50, 'test_acc': 85.85, 'test_loss': 0.853, 'ema_test_acc': 89.15, 'ema_test_loss': 0.824, 'particle_accs': [82.2, 79.37, 78.64, 72.28]}
{'epoch': 51, 'ce_loss': 0.0023399733322793342, 'loss': 0.4510270402286992, 'H_y': 0.23807113031371482, 'H_yx': 0.41083618273133754, 'masks': 1643.3088954056695}
{'epoch': 52, 'ce_loss': 0.002003938920108094, 'loss': 0.45441347820900985, 'H_y': 0.2330373020611434, 'H_yx': 0.413894183737092, 'masks': 1644.7145650048876}
{'epoch': 53, 'ce_loss': 0.0020877716712559, 'loss': 0.4503823095752347, 'H_y': 0.23847116955272846, 'H_yx': 0.4105071827754713, 'masks': 1645.092864125122}
{'epoch': 54, 'ce_loss': 0.0026542995346847554, 'loss': 0.45525387885050805, 'H_y': 0.2369903107833769, 'H_yx': 0.41426079938022503, 'masks': 1644.394916911046}
{'epoch': 55, 'ce_loss': 0.0018679636794541414, 'loss': 0.4519741198417611, 'H_y': 0.23546624005947878, 'H_yx': 0.4119676665301896, 'masks': 1648.225806451613}
{'epoch': 56, 'ce_loss': 0.0020754934939110547, 'loss': 0.45301246482838864, 'H_y': 0.23643013833496693, 'H_yx': 0.41275454945461726, 'masks': 1648.3313782991202}
{'epoch': 57, 'ce_loss': 0.001921638094463098, 'loss': 0.449442595971761, 'H_y': 0.23405336209173194, 'H_yx': 0.409598493884852, 'masks': 1650.3988269794722}
{'epoch': 58, 'ce_loss': 0.002390438557517949, 'loss': 0.4516363538080646, 'H_y': 0.23444978987483103, 'H_yx': 0.4111519942418804, 'masks': 1650.2072336265885}
{'epoch': 59, 'ce_loss': 0.0017368761058648417, 'loss': 0.4495258844318278, 'H_y': 0.23266205608203847, 'H_yx': 0.4097672555511881, 'masks': 1651.384164222874}
{'epoch': 60, 'ce_loss': 0.0022750580260137696, 'loss': 0.45222468025989665, 'H_y': 0.23319599616504252, 'H_yx': 0.41171497887297226, 'masks': 1650.3880742913002}
{'epoch': 60, 'test_acc': 87.99, 'test_loss': 0.698, 'ema_test_acc': 89.66, 'ema_test_loss': 0.753, 'particle_accs': [83.27, 82.81, 81.46, 74.32]}
{'epoch': 61, 'ce_loss': 0.0021859948667899815, 'loss': 0.45133234337627715, 'H_y': 0.231881145755683, 'H_yx': 0.41093503616072913, 'masks': 1652.6089931573802}
{'epoch': 62, 'ce_loss': 0.001982700888679027, 'loss': 0.4485358353758837, 'H_y': 0.23211078530765583, 'H_yx': 0.4086408633174318, 'masks': 1653.8690127077223}
{'epoch': 63, 'ce_loss': 0.0020959277870565597, 'loss': 0.4457007345624217, 'H_y': 0.2305939487115146, 'H_yx': 0.40594363040704995, 'masks': 1653.9667644183774}
{'epoch': 64, 'ce_loss': 0.002097193577215469, 'loss': 0.4418047635378143, 'H_y': 0.23648413035468738, 'H_yx': 0.40277306320380607, 'masks': 1655.8582600195502}
{'epoch': 65, 'ce_loss': 0.002000076514293265, 'loss': 0.44406855639474485, 'H_y': 0.23266976918817614, 'H_yx': 0.40468145637451614, 'masks': 1655.2922776148582}
{'epoch': 66, 'ce_loss': 0.002226085521274848, 'loss': 0.4441385616713139, 'H_y': 0.230645786209773, 'H_yx': 0.4044415530396347, 'masks': 1655.5171065493646}
{'epoch': 67, 'ce_loss': 0.001956064725463351, 'loss': 0.4454878260721093, 'H_y': 0.23153577511902546, 'H_yx': 0.40592577517440476, 'masks': 1658.7165200391007}
{'epoch': 68, 'ce_loss': 0.0018906572720840803, 'loss': 0.4421005354773614, 'H_y': 0.23250155328597258, 'H_yx': 0.40302054273767557, 'masks': 1657.2922776148582}
{'epoch': 69, 'ce_loss': 0.0020893165041506005, 'loss': 0.4431833664168361, 'H_y': 0.22946525764954753, 'H_yx': 0.4036548532698511, 'masks': 1657.898338220919}
{'epoch': 70, 'ce_loss': 0.001899756555712128, 'loss': 0.44345268379907804, 'H_y': 0.23015867709705673, 'H_yx': 0.40409751756449946, 'masks': 1659.9687194525904}
{'epoch': 70, 'test_acc': 87.62, 'test_loss': 0.694, 'ema_test_acc': 90.12, 'ema_test_loss': 0.718, 'particle_accs': [82.48, 82.03, 85.45, 69.48]}
{'epoch': 71, 'ce_loss': 0.0020151384763516657, 'loss': 0.4404266136074812, 'H_y': 0.2283565034381572, 'H_yx': 0.40121430980145406, 'masks': 1659.7820136852395}
{'epoch': 72, 'ce_loss': 0.0018744840537954033, 'loss': 0.4392687036844293, 'H_y': 0.22575571796586436, 'H_yx': 0.40017981750058523, 'masks': 1659.4027370478984}
{'epoch': 73, 'ce_loss': 0.002196833809581401, 'loss': 0.44549540273721383, 'H_y': 0.2235624414385239, 'H_yx': 0.40531977504229616, 'masks': 1660.2248289345064}
{'epoch': 74, 'ce_loss': 0.002001450200129057, 'loss': 0.43919517249888573, 'H_y': 0.22580186268159955, 'H_yx': 0.40000385940366245, 'masks': 1661.338220918866}
{'epoch': 75, 'ce_loss': 0.0016136756756933795, 'loss': 0.43499994406136133, 'H_y': 0.22997829025267155, 'H_yx': 0.3968274325918942, 'masks': 1663.197458455523}
{'epoch': 76, 'ce_loss': 0.0016444025531007246, 'loss': 0.43486397412631983, 'H_y': 0.22999079685698273, 'H_yx': 0.3966798447618736, 'masks': 1662.7605083088954}
{'epoch': 77, 'ce_loss': 0.001890039296676215, 'loss': 0.4392661841209333, 'H_y': 0.22913439002321379, 'H_yx': 0.40033267993381644, 'masks': 1663.4291300097752}
{'epoch': 78, 'ce_loss': 0.0018250885180102407, 'loss': 0.43746285712963673, 'H_y': 0.228892879606109, 'H_yx': 0.39877499600659366, 'masks': 1663.6432062561096}
{'epoch': 79, 'ce_loss': 0.0016326746078082798, 'loss': 0.4359089288776804, 'H_y': 0.22952858773028278, 'H_yx': 0.39759624365604285, 'masks': 1665.0645161290322}
{'epoch': 80, 'ce_loss': 0.002084787281229651, 'loss': 0.4397688547653653, 'H_y': 0.2250279905247199, 'H_yx': 0.4004011382571879, 'masks': 1663.9511241446726}
{'epoch': 80, 'test_acc': 88.3, 'test_loss': 0.607, 'ema_test_acc': 90.47, 'ema_test_loss': 0.682, 'particle_accs': [83.18, 82.67, 81.53, 73.84]}
{'epoch': 81, 'ce_loss': 0.001721831185578547, 'loss': 0.436209411273837, 'H_y': 0.2277004981699344, 'H_yx': 0.39769273087426016, 'masks': 1666.4310850439883}
{'epoch': 82, 'ce_loss': 0.0017444051078851356, 'loss': 0.4374057875467302, 'H_y': 0.22551463117580842, 'H_yx': 0.3986270781952382, 'masks': 1665.7996089931573}
{'epoch': 83, 'ce_loss': 0.0016340502456770808, 'loss': 0.43394129792499636, 'H_y': 0.22596192239025353, 'H_yx': 0.39566724417496285, 'masks': 1667.0987292277614}
{'epoch': 84, 'ce_loss': 0.0015294610653789806, 'loss': 0.43603756744141453, 'H_y': 0.22446915009154603, 'H_yx': 0.3975494135451573, 'masks': 1669.0312805474096}
{'epoch': 85, 'ce_loss': 0.0016249192690738603, 'loss': 0.439147533588512, 'H_y': 0.2235138403909064, 'H_yx': 0.4001818799203442, 'masks': 1668.1446725317694}
{'epoch': 86, 'ce_loss': 0.00189060095696162, 'loss': 0.4361579965577913, 'H_y': 0.22611826782061092, 'H_yx': 0.3974178503627069, 'masks': 1668.3206256109481}
{'epoch': 87, 'ce_loss': 0.001763039248711959, 'loss': 0.43721896450773595, 'H_y': 0.22353008813347636, 'H_yx': 0.39834517741599507, 'masks': 1668.6275659824048}
{'epoch': 88, 'ce_loss': 0.002054082006673001, 'loss': 0.43501772384140147, 'H_y': 0.22093594349549314, 'H_yx': 0.3959995523051433, 'masks': 1668.3519061583577}
{'epoch': 89, 'ce_loss': 0.0016429719126258937, 'loss': 0.43586601222248955, 'H_y': 0.22031811268623275, 'H_yx': 0.3970884063143651, 'masks': 1668.001955034213}
{'epoch': 90, 'ce_loss': 0.0016309221872735915, 'loss': 0.4319803962085254, 'H_y': 0.22271599809212186, 'H_yx': 0.3937642701909689, 'masks': 1670.0478983382209}
{'epoch': 90, 'test_acc': 88.77, 'test_loss': 0.638, 'ema_test_acc': 90.99, 'ema_test_loss': 0.651, 'particle_accs': [82.93, 85.21, 83.35, 68.85]}
{'epoch': 91, 'ce_loss': 0.0014451410933268426, 'loss': 0.43173892322640034, 'H_y': 0.22458625154411338, 'H_yx': 0.393808266313661, 'masks': 1671.989247311828}
{'epoch': 92, 'ce_loss': 0.0017319504087135334, 'loss': 0.42923448826910116, 'H_y': 0.22219304996792988, 'H_yx': 0.3912068807309674, 'masks': 1670.0664711632453}
{'epoch': 93, 'ce_loss': 0.0016359424143770158, 'loss': 0.431260325924975, 'H_y': 0.21870206447931795, 'H_yx': 0.392918887259557, 'masks': 1670.7184750733138}
{'epoch': 94, 'ce_loss': 0.0019294465927845467, 'loss': 0.4310775153914272, 'H_y': 0.2200066573837752, 'H_yx': 0.39256062005388886, 'masks': 1669.8260019550341}
{'epoch': 95, 'ce_loss': 0.001612484005025675, 'loss': 0.4287427016192517, 'H_y': 0.22316056737568837, 'H_yx': 0.3909242220754614, 'masks': 1673.3196480938416}
{'epoch': 96, 'ce_loss': 0.0018132795567327486, 'loss': 0.4320828357050496, 'H_y': 0.22207002327181144, 'H_yx': 0.39366091532907643, 'masks': 1672.5200391006842}
{'epoch': 97, 'ce_loss': 0.001582586124080695, 'loss': 0.42992880685529866, 'H_y': 0.22135806262842722, 'H_yx': 0.3919152585409021, 'masks': 1672.5904203323557}
{'epoch': 98, 'ce_loss': 0.0012741556725451276, 'loss': 0.42519401714482497, 'H_y': 0.22294709466594406, 'H_yx': 0.3880591855429018, 'masks': 1675.0244379276637}
{'epoch': 99, 'ce_loss': 0.0015767031049684584, 'loss': 0.42816894320099236, 'H_y': 0.22265958998676386, 'H_yx': 0.3904208513823422, 'masks': 1675.7282502443793}
{'epoch': 100, 'ce_loss': 0.0017270688602904897, 'loss': 0.42913943916588354, 'H_y': 0.21906601869931785, 'H_yx': 0.3909703599451108, 'masks': 1674.6695992179864}
{'epoch': 100, 'test_acc': 88.63, 'test_loss': 0.699, 'ema_test_acc': 90.89, 'ema_test_loss': 0.642, 'particle_accs': [83.93, 84.24, 85.97, 75.81]}
{'epoch': 101, 'ce_loss': 0.0015115261024457158, 'loss': 0.42443048161611996, 'H_y': 0.22117886108911633, 'H_yx': 0.38708085752477395, 'masks': 1675.7458455522972}
{'epoch': 102, 'ce_loss': 0.001703780461317269, 'loss': 0.42467412102024343, 'H_y': 0.22112354867793949, 'H_yx': 0.38712377990445784, 'masks': 1675.7732160312805}
{'epoch': 103, 'ce_loss': 0.0017600913678327327, 'loss': 0.4255362174902494, 'H_y': 0.22108616335417636, 'H_yx': 0.3878383420895738, 'masks': 1675.2707722385142}
{'epoch': 104, 'ce_loss': 0.0016924751330776116, 'loss': 0.42356313824770153, 'H_y': 0.2196659754273479, 'H_yx': 0.3860731637314734, 'masks': 1675.3069403714564}
{'epoch': 105, 'ce_loss': 0.0017215771553446358, 'loss': 0.4263676971867171, 'H_y': 0.21831008762791243, 'H_yx': 0.38847306026974265, 'masks': 1676.9726295210166}
{'epoch': 106, 'ce_loss': 0.0015917785211304175, 'loss': 0.4196059976213722, 'H_y': 0.2173243674685412, 'H_yx': 0.38252727704838224, 'masks': 1675.435972629521}
{'epoch': 107, 'ce_loss': 0.001662498879527701, 'loss': 0.42228828683743147, 'H_y': 0.22139458281087268, 'H_yx': 0.38505276210263795, 'masks': 1677.010752688172}
{'epoch': 108, 'ce_loss': 0.0014103062104739025, 'loss': 0.4217781905787665, 'H_y': 0.22093091556986288, 'H_yx': 0.38480027405980277, 'masks': 1678.466275659824}
{'epoch': 109, 'ce_loss': 0.001918705060814608, 'loss': 0.42022678025889837, 'H_y': 0.22063725484664373, 'H_yx': 0.38295419195180763, 'masks': 1677.0078201368524}
{'epoch': 110, 'ce_loss': 0.0013369696197692968, 'loss': 0.4202788774859987, 'H_y': 0.22066657173785062, 'H_yx': 0.38351920535487516, 'masks': 1679.6549364613882}
{'epoch': 110, 'test_acc': 88.21, 'test_loss': 0.691, 'ema_test_acc': 91.04, 'ema_test_loss': 0.632, 'particle_accs': [81.02, 83.89, 80.23, 74.37]}
{'epoch': 111, 'ce_loss': 0.0014356940513757057, 'loss': 0.417383600481561, 'H_y': 0.222112592946982, 'H_yx': 0.3809295072496112, 'masks': 1680.1994134897361}
{'epoch': 112, 'ce_loss': 0.0011873693281023395, 'loss': 0.42143005097716435, 'H_y': 0.22014864304722928, 'H_yx': 0.3846498423657459, 'masks': 1682.2697947214076}
{'epoch': 113, 'ce_loss': 0.001429429534879733, 'loss': 0.4198034834535474, 'H_y': 0.22080469134382955, 'H_yx': 0.3830212269593777, 'masks': 1680.7047898338221}
{'epoch': 114, 'ce_loss': 0.0015189490976362581, 'loss': 0.4227886657036644, 'H_y': 0.21927737165697625, 'H_yx': 0.3855194259773601, 'masks': 1680.071358748778}
{'epoch': 115, 'ce_loss': 0.0016098065408201925, 'loss': 0.42241598600166635, 'H_y': 0.20996843603232973, 'H_yx': 0.3846418434865081, 'masks': 1677.9521016617791}
{'epoch': 116, 'ce_loss': 0.0015102694625129657, 'loss': 0.4183616790545418, 'H_y': 0.2146089498685602, 'H_yx': 0.3813576389646717, 'masks': 1677.6793743890519}
{'epoch': 117, 'ce_loss': 0.0016685024656357145, 'loss': 0.4159937590389774, 'H_y': 0.22274016576545097, 'H_yx': 0.37951816949093914, 'masks': 1680.7360703812317}
{'epoch': 118, 'ce_loss': 0.0016288199567555729, 'loss': 0.41795972723765107, 'H_y': 0.2187926922346723, 'H_yx': 0.3811040427153411, 'masks': 1682.0635386119257}
{'epoch': 119, 'ce_loss': 0.001524743638611464, 'loss': 0.4158343944847875, 'H_y': 0.21859545175455883, 'H_yx': 0.3792970585450166, 'masks': 1681.9325513196482}
{'epoch': 120, 'ce_loss': 0.0013089072133632064, 'loss': 0.4167170437782974, 'H_y': 0.2170142127038913, 'H_yx': 0.3801946721585032, 'masks': 1680.7038123167156}
{'epoch': 120, 'test_acc': 89.76, 'test_loss': 0.598, 'ema_test_acc': 91.25, 'ema_test_loss': 0.611, 'particle_accs': [83.57, 84.43, 84.82, 73.57]}
{'epoch': 121, 'ce_loss': 0.0012351878873158844, 'loss': 0.417058778677285, 'H_y': 0.22021621907037026, 'H_yx': 0.38072415746435273, 'masks': 1683.256109481916}
{'epoch': 122, 'ce_loss': 0.0015104455037937942, 'loss': 0.41509365275108917, 'H_y': 0.22028258614759175, 'H_yx': 0.378735526245477, 'masks': 1683.5933528836754}
{'epoch': 123, 'ce_loss': 0.001579728004439044, 'loss': 0.41332686262046836, 'H_y': 0.2219198144833946, 'H_yx': 0.37718491592714865, 'masks': 1683.8191593352883}
{'epoch': 124, 'ce_loss': 0.001274714394174915, 'loss': 0.4147339382828855, 'H_y': 0.2201301566783051, 'H_yx': 0.3786176703542558, 'masks': 1683.7184750733138}
{'epoch': 125, 'ce_loss': 0.0014854875382021412, 'loss': 0.41269545462474094, 'H_y': 0.21001205982991794, 'H_yx': 0.37611192594467135, 'masks': 1679.7595307917888}
{'epoch': 126, 'ce_loss': 0.001282060917918287, 'loss': 0.41120552731166254, 'H_y': 0.2200231461959617, 'H_yx': 0.37546863814020204, 'masks': 1685.208211143695}
{'epoch': 127, 'ce_loss': 0.0017269673067753185, 'loss': 0.41128250047608206, 'H_y': 0.22162349331297365, 'H_yx': 0.375221522876361, 'masks': 1685.3479960899315}
{'epoch': 128, 'ce_loss': 0.0011731677881547129, 'loss': 0.4086226111866046, 'H_y': 0.22058630557703482, 'H_yx': 0.37329711649250075, 'masks': 1687.217008797654}
{'epoch': 129, 'ce_loss': 0.0014031817711777468, 'loss': 0.41008893782791855, 'H_y': 0.22155891438966158, 'H_yx': 0.37444496475240235, 'masks': 1686.6031280547409}
{'epoch': 130, 'ce_loss': 0.0015255495303211008, 'loss': 0.4103911253946851, 'H_y': 0.2187602843357321, 'H_yx': 0.3744649132850233, 'masks': 1686.6930596285436}
{'epoch': 130, 'test_acc': 89.26, 'test_loss': 0.631, 'ema_test_acc': 91.41, 'ema_test_loss': 0.577, 'particle_accs': [80.37, 84.82, 85.08, 75.72]}
{'epoch': 131, 'ce_loss': 0.0015917581921301813, 'loss': 0.4098952927663995, 'H_y': 0.21738838706664443, 'H_yx': 0.37389660172914596, 'masks': 1686.288367546432}
{'epoch': 132, 'ce_loss': 0.0013020344518595768, 'loss': 0.4064222939844122, 'H_y': 0.21835633172842064, 'H_yx': 0.3711147140256354, 'masks': 1687.772238514174}
{'epoch': 133, 'ce_loss': 0.0012089169988714012, 'loss': 0.4043210181730817, 'H_y': 0.22318791844977662, 'H_yx': 0.36957081747427944, 'masks': 1689.11045943304}
{'epoch': 134, 'ce_loss': 0.0013205283605410604, 'loss': 0.4041880926195594, 'H_y': 0.2210195649812182, 'H_yx': 0.36924497853101523, 'masks': 1688.7096774193549}
{'epoch': 135, 'ce_loss': 0.0014097029538984365, 'loss': 0.4062657970079346, 'H_y': 0.22148355706171555, 'H_yx': 0.3710362026477023, 'masks': 1689.6021505376343}
{'epoch': 136, 'ce_loss': 0.0010963983444693235, 'loss': 0.40179866333860803, 'H_y': 0.2241725401474001, 'H_yx': 0.36747743635058755, 'masks': 1688.843597262952}
{'epoch': 137, 'ce_loss': 0.0013525809624963731, 'loss': 0.406746486706235, 'H_y': 0.21215158052749764, 'H_yx': 0.37104777790758964, 'masks': 1686.3988269794722}
{'epoch': 138, 'ce_loss': 0.0012645986223198326, 'loss': 0.4088737072599715, 'H_y': 0.20685945994576635, 'H_yx': 0.37275273292411926, 'masks': 1684.9960899315738}
{'epoch': 139, 'ce_loss': 0.0014428508854208808, 'loss': 0.4055520516628161, 'H_y': 0.20781765381495157, 'H_yx': 0.3696888365062684, 'masks': 1685.3802541544478}
{'epoch': 140, 'ce_loss': 0.0012593854449125825, 'loss': 0.4087032070665648, 'H_y': 0.21014601633112917, 'H_yx': 0.37277010304603875, 'masks': 1686.4780058651027}
{'epoch': 140, 'test_acc': 88.91, 'test_loss': 0.63, 'ema_test_acc': 91.75, 'ema_test_loss': 0.58, 'particle_accs': [82.47, 81.16, 86.15, 75.01]}
{'epoch': 141, 'ce_loss': 0.0014256516137293868, 'loss': 0.40144393124771494, 'H_y': 0.22191594857158084, 'H_yx': 0.3667564676129573, 'masks': 1690.9931573802542}
{'epoch': 142, 'ce_loss': 0.0011500589214159301, 'loss': 0.40498186722179313, 'H_y': 0.20469706120262632, 'H_yx': 0.369286173978276, 'masks': 1685.4506353861193}
{'epoch': 143, 'ce_loss': 0.001411537935575435, 'loss': 0.4048860352322503, 'H_y': 0.21126822632020986, 'H_yx': 0.36929704250361794, 'masks': 1687.4173998044967}
{'epoch': 144, 'ce_loss': 0.0013392458559138537, 'loss': 0.40068704613783956, 'H_y': 0.22128318072472383, 'H_yx': 0.3661286993168899, 'masks': 1690.8269794721407}
{'epoch': 145, 'ce_loss': 0.0012213216789269544, 'loss': 0.398497766442779, 'H_y': 0.22282495153731033, 'H_yx': 0.3643641226277673, 'masks': 1692.55522971652}
{'epoch': 146, 'ce_loss': 0.0012880574647248977, 'loss': 0.3992663032556443, 'H_y': 0.21807813128767825, 'H_yx': 0.36475075918267086, 'masks': 1691.0029325513196}
{'epoch': 147, 'ce_loss': 0.001278782392552197, 'loss': 0.3983042118369892, 'H_y': 0.22391682452470327, 'H_yx': 0.3641955356968463, 'masks': 1692.9042033235582}
{'epoch': 148, 'ce_loss': 0.0012655936161136304, 'loss': 0.4012471112920625, 'H_y': 0.21362721005259838, 'H_yx': 0.36630934475395804, 'masks': 1691.348973607038}
{'epoch': 149, 'ce_loss': 0.0013611643268615732, 'loss': 0.39791781887164446, 'H_y': 0.21702644779535332, 'H_yx': 0.3634342238933343, 'masks': 1692.446725317693}
{'epoch': 150, 'ce_loss': 0.0011796192279902792, 'loss': 0.3941564926711928, 'H_y': 0.2253919352330304, 'H_yx': 0.3606696750819392, 'masks': 1696.039100684262}
{'epoch': 150, 'test_acc': 88.77, 'test_loss': 0.68, 'ema_test_acc': 91.7, 'ema_test_loss': 0.562, 'particle_accs': [82.4, 82.99, 80.72, 77.74]}
{'epoch': 151, 'ce_loss': 0.0012510187529652505, 'loss': 0.3954519595393687, 'H_y': 0.22079326547427378, 'H_yx': 0.36152807373338663, 'masks': 1695.3216031280547}
{'epoch': 152, 'ce_loss': 0.0011476950539952646, 'loss': 0.3938391180681693, 'H_y': 0.22187539273809245, 'H_yx': 0.3602400512260659, 'masks': 1696.6588465298144}
{'epoch': 153, 'ce_loss': 0.0009870706823959907, 'loss': 0.3878928087323991, 'H_y': 0.22376877535589745, 'H_yx': 0.355190603716166, 'masks': 1697.6275659824048}
{'epoch': 154, 'ce_loss': 0.0012859428326616278, 'loss': 0.39144040663104834, 'H_y': 0.22486633279398158, 'H_yx': 0.358133959557537, 'masks': 1697.3431085043987}
{'epoch': 155, 'ce_loss': 0.000997375066012682, 'loss': 0.39424258954131125, 'H_y': 0.2228090010313927, 'H_yx': 0.3607791133756628, 'masks': 1698.5024437927664}
{'epoch': 156, 'ce_loss': 0.0013074714361025295, 'loss': 0.39832621303005533, 'H_y': 0.21025537487523646, 'H_yx': 0.36350651644716514, 'masks': 1692.7360703812317}
{'epoch': 157, 'ce_loss': 0.0010765332336242724, 'loss': 0.3914268061387574, 'H_y': 0.21969263520699908, 'H_yx': 0.3580493698896201, 'masks': 1696.713587487781}
{'epoch': 158, 'ce_loss': 0.001156569856271266, 'loss': 0.38790814396456424, 'H_y': 0.22080658849616439, 'H_yx': 0.3549054255408625, 'masks': 1697.651026392962}
{'epoch': 159, 'ce_loss': 0.0011723076593288643, 'loss': 0.3858317893329837, 'H_y': 0.22126537122975812, 'H_yx': 0.3530682623386383, 'masks': 1696.9296187683285}
{'epoch': 160, 'ce_loss': 0.0011077706344728815, 'loss': 0.38936324797767347, 'H_y': 0.21876512511559595, 'H_yx': 0.35614048891344846, 'masks': 1699.4868035190616}
{'epoch': 160, 'test_acc': 90.18, 'test_loss': 0.556, 'ema_test_acc': 92.09, 'ema_test_loss': 0.512, 'particle_accs': [83.83, 84.51, 83.19, 69.96]}
{'epoch': 161, 'ce_loss': 0.0011808194893590904, 'loss': 0.39025144494582015, 'H_y': 0.21806850296719216, 'H_yx': 0.35683041598323734, 'masks': 1695.8005865102639}
{'epoch': 162, 'ce_loss': 0.0010431445874028898, 'loss': 0.38989702525493103, 'H_y': 0.21198299764596357, 'H_yx': 0.35633343037214216, 'masks': 1696.434017595308}
{'epoch': 163, 'ce_loss': 0.00121493412557343, 'loss': 0.3860403262916315, 'H_y': 0.22344477569369395, 'H_yx': 0.35332474524732443, 'masks': 1700.4115347018574}
{'epoch': 164, 'ce_loss': 0.0010570787688929364, 'loss': 0.38472079077074606, 'H_y': 0.22596585724360782, 'H_yx': 0.35241793653948683, 'masks': 1702.3802541544478}
{'epoch': 165, 'ce_loss': 0.0009345789438611529, 'loss': 0.386261540147333, 'H_y': 0.22511807116129065, 'H_yx': 0.35385436055597325, 'masks': 1702.7800586510264}
{'epoch': 166, 'ce_loss': 0.0009250961297606452, 'loss': 0.38522576015599197, 'H_y': 0.22488947429731562, 'H_yx': 0.3529304381485442, 'masks': 1703.7653958944281}
{'epoch': 167, 'ce_loss': 0.0010351233681039967, 'loss': 0.38211419760365173, 'H_y': 0.2276927090431122, 'H_yx': 0.35020624935801775, 'masks': 1704.1241446725317}
{'epoch': 168, 'ce_loss': 0.000813392113014189, 'loss': 0.37918327316161127, 'H_y': 0.2271695432279583, 'H_yx': 0.3477713175387443, 'masks': 1705.615835777126}
{'epoch': 169, 'ce_loss': 0.001038499284619633, 'loss': 0.38276793464712383, 'H_y': 0.21775849717045576, 'H_yx': 0.35028778166598473, 'masks': 1700.3499511241446}
{'epoch': 170, 'ce_loss': 0.0008993788990168076, 'loss': 0.3874571582089421, 'H_y': 0.21848414994171755, 'H_yx': 0.3546169985482653, 'masks': 1698.3910068426198}
{'epoch': 170, 'test_acc': 90.33, 'test_loss': 0.525, 'ema_test_acc': 92.42, 'ema_test_loss': 0.488, 'particle_accs': [83.42, 85.15, 83.22, 75.33]}
{'epoch': 171, 'ce_loss': 0.0010564642307107038, 'loss': 0.3831709277536629, 'H_y': 0.2251719283276872, 'H_yx': 0.3510007854197848, 'masks': 1701.088954056696}
{'epoch': 172, 'ce_loss': 0.001137235086429417, 'loss': 0.38061903972080374, 'H_y': 0.22927605734367873, 'H_yx': 0.3488652660117238, 'masks': 1701.3587487781035}
{'epoch': 173, 'ce_loss': 0.0010573933164308865, 'loss': 0.3771325526932001, 'H_y': 0.2302463918429083, 'H_yx': 0.34588489775433917, 'masks': 1702.731182795699}
{'epoch': 174, 'ce_loss': 0.0011136272311904189, 'loss': 0.3798875224759269, 'H_y': 0.22584892183047003, 'H_yx': 0.348064499210752, 'masks': 1702.3782991202347}
{'epoch': 175, 'ce_loss': 0.0008394661688357981, 'loss': 0.3766927211631894, 'H_y': 0.2256743656953875, 'H_yx': 0.34545899776128264, 'masks': 1704.4261974584556}
{'epoch': 176, 'ce_loss': 0.0011459299492031644, 'loss': 0.3804937898530056, 'H_y': 0.22785161329271272, 'H_yx': 0.34867495321691444, 'masks': 1705.6666666666667}
{'epoch': 177, 'ce_loss': 0.0009165105018958405, 'loss': 0.3725452608522665, 'H_y': 0.2277540201840163, 'H_yx': 0.3418069273262546, 'masks': 1707.0987292277614}
{'epoch': 178, 'ce_loss': 0.0008594941531673621, 'loss': 0.3756175526833837, 'H_y': 0.2194377271456686, 'H_yx': 0.344173415228069, 'masks': 1703.299120234604}
{'epoch': 179, 'ce_loss': 0.0010247585433198862, 'loss': 0.3702153198617644, 'H_y': 0.22624839747639577, 'H_yx': 0.33956382572942234, 'masks': 1706.1094819159334}
{'epoch': 180, 'ce_loss': 0.000891972343445311, 'loss': 0.37321884740774, 'H_y': 0.22526963798006958, 'H_yx': 0.34230341815470716, 'masks': 1703.8817204301076}
{'epoch': 180, 'test_acc': 90.85, 'test_loss': 0.528, 'ema_test_acc': 92.77, 'ema_test_loss': 0.466, 'particle_accs': [85.83, 88.55, 83.84, 75.24]}
{'epoch': 181, 'ce_loss': 0.000878647516128161, 'loss': 0.3707320430877738, 'H_y': 0.22616680767587435, 'H_yx': 0.3401490787402859, 'masks': 1704.3010752688172}
{'epoch': 182, 'ce_loss': 0.0008690590100575439, 'loss': 0.37080564861889576, 'H_y': 0.22665679416931503, 'H_yx': 0.3402475474342223, 'masks': 1706.1730205278593}
{'epoch': 183, 'ce_loss': 0.0008034018323932405, 'loss': 0.37019240945024107, 'H_y': 0.23551833712635153, 'H_yx': 0.34020376320516843, 'masks': 1709.9687194525904}
{'epoch': 184, 'ce_loss': 0.000917771865344445, 'loss': 0.37131584152389946, 'H_y': 0.2276855807383622, 'H_yx': 0.3407092939403167, 'masks': 1705.435972629521}
{'epoch': 185, 'ce_loss': 0.0008454318844256901, 'loss': 0.36743980046008456, 'H_y': 0.23087010489647455, 'H_yx': 0.33748660713638146, 'masks': 1709.873900293255}
{'epoch': 186, 'ce_loss': 0.0009193812804177338, 'loss': 0.36469199027017646, 'H_y': 0.23036166968758154, 'H_yx': 0.334952328270365, 'masks': 1710.5102639296188}
{'epoch': 187, 'ce_loss': 0.000784027283855931, 'loss': 0.36275531293301755, 'H_y': 0.22133481594299642, 'H_yx': 0.3328994092179184, 'masks': 1712.772238514174}
{'epoch': 188, 'ce_loss': 0.0006952667757719123, 'loss': 0.36069103705451866, 'H_y': 0.22887686674254615, 'H_yx': 0.33152005895025455, 'masks': 1712.7781036168133}
{'epoch': 189, 'ce_loss': 0.0008344035001767848, 'loss': 0.36472929183863473, 'H_y': 0.23171129889735262, 'H_yx': 0.3351285292576718, 'masks': 1711.9032258064517}
{'epoch': 190, 'ce_loss': 0.0008416581603457931, 'loss': 0.3598489177832972, 'H_y': 0.23257771773830072, 'H_yx': 0.33082620588332445, 'masks': 1713.2228739002933}
{'epoch': 190, 'test_acc': 91.2, 'test_loss': 0.487, 'ema_test_acc': 92.83, 'ema_test_loss': 0.45, 'particle_accs': [85.07, 84.24, 84.2, 76.62]}
{'epoch': 191, 'ce_loss': 0.0008979623824243719, 'loss': 0.3630518976631752, 'H_y': 0.22925184967172926, 'H_yx': 0.33345765543997813, 'masks': 1709.8514173998044}
{'epoch': 192, 'ce_loss': 0.0008473216182773963, 'loss': 0.35891384260687076, 'H_y': 0.23331738355863596, 'H_yx': 0.3300267671792971, 'masks': 1713.7595307917888}
{'epoch': 193, 'ce_loss': 0.0009901490473945543, 'loss': 0.3581647666522601, 'H_y': 0.2309301563284614, 'H_yx': 0.3291144049703667, 'masks': 1712.0078201368524}
{'epoch': 194, 'ce_loss': 0.0008057799162542789, 'loss': 0.35296430349175184, 'H_y': 0.23201571709366256, 'H_yx': 0.3247088178744647, 'masks': 1715.5982404692081}
{'epoch': 195, 'ce_loss': 0.0007892502970166374, 'loss': 0.3544840741891665, 'H_y': 0.23597736913029865, 'H_yx': 0.32627284248611677, 'masks': 1714.1270772238515}
{'epoch': 196, 'ce_loss': 0.0006868581481649727, 'loss': 0.35268533301201965, 'H_y': 0.24034809760334205, 'H_yx': 0.3249831368176236, 'masks': 1715.690127077224}
{'epoch': 197, 'ce_loss': 0.0007857754113028007, 'loss': 0.35354920315719185, 'H_y': 0.2373470646544985, 'H_yx': 0.32551321209584044, 'masks': 1715.8357771260996}
{'epoch': 198, 'ce_loss': 0.0008979978130933773, 'loss': 0.3498952683290778, 'H_y': 0.24152964467177293, 'H_yx': 0.3223738100084741, 'masks': 1715.4545454545455}
{'epoch': 199, 'ce_loss': 0.0007975839820376669, 'loss': 0.3476953242094286, 'H_y': 0.2405663264782431, 'H_yx': 0.32045892902075485, 'masks': 1718.1603128054742}
{'epoch': 200, 'ce_loss': 0.000877816769015962, 'loss': 0.3489469527644729, 'H_y': 0.24203130379974666, 'H_yx': 0.32157367883015237, 'masks': 1717.9130009775172}
{'epoch': 200, 'test_acc': 91.34, 'test_loss': 0.501, 'ema_test_acc': 93.05, 'ema_test_loss': 0.436, 'particle_accs': [81.58, 88.96, 83.89, 73.61]}
{'epoch': 201, 'ce_loss': 0.000854344925961682, 'loss': 0.347974500450454, 'H_y': 0.2447343917740172, 'H_yx': 0.3208650838099384, 'masks': 1717.576735092864}
{'epoch': 202, 'ce_loss': 0.0006680997443723872, 'loss': 0.346148791361531, 'H_y': 0.2403512751048145, 'H_yx': 0.31918826238966874, 'masks': 1720.3616813294232}
{'epoch': 203, 'ce_loss': 0.0006761793177470606, 'loss': 0.3466768584788603, 'H_y': 0.2455400635041333, 'H_yx': 0.31991002927893886, 'masks': 1719.3607038123166}
{'epoch': 204, 'ce_loss': 0.0009310944820591535, 'loss': 0.3490326701138143, 'H_y': 0.24642913132352448, 'H_yx': 0.3218224112122872, 'masks': 1715.7790811339198}
{'epoch': 205, 'ce_loss': 0.0006872818268198944, 'loss': 0.3439168651694776, 'H_y': 0.24755810611933207, 'H_yx': 0.3175471186171762, 'masks': 1718.2893450635386}
{'epoch': 206, 'ce_loss': 0.000682447805807694, 'loss': 0.34218717349705924, 'H_y': 0.24639628547901982, 'H_yx': 0.3159554385136766, 'masks': 1721.960899315738}
{'epoch': 207, 'ce_loss': 0.0008394128829641404, 'loss': 0.339784138319779, 'H_y': 0.2508929571389919, 'H_yx': 0.31390414577075815, 'masks': 1722.6744868035191}
{'epoch': 208, 'ce_loss': 0.0006459355752588636, 'loss': 0.3376168577348265, 'H_y': 0.2500730015024295, 'H_yx': 0.3121082187281559, 'masks': 1722.9706744868035}
{'epoch': 209, 'ce_loss': 0.0006053356593899888, 'loss': 0.33858901936695607, 'H_y': 0.2519675751789341, 'H_yx': 0.31310340585888075, 'masks': 1722.7712609970674}
{'epoch': 210, 'ce_loss': 0.0006913087053492044, 'loss': 0.33665038364140987, 'H_y': 0.25767156087000465, 'H_yx': 0.31158850205841887, 'masks': 1721.9755620723363}
{'epoch': 210, 'test_acc': 91.08, 'test_loss': 0.456, 'ema_test_acc': 93.01, 'ema_test_loss': 0.419, 'particle_accs': [84.38, 87.66, 81.86, 76.05]}
{'epoch': 211, 'ce_loss': 0.00088695135312136, 'loss': 0.33581953931996783, 'H_y': 0.25995305932162444, 'H_yx': 0.31078991636211456, 'masks': 1723.9364613880743}
{'epoch': 212, 'ce_loss': 0.0006668697808305129, 'loss': 0.3324844281344819, 'H_y': 0.2605287327940047, 'H_yx': 0.30804909257362084, 'masks': 1724.4027370478984}
{'epoch': 213, 'ce_loss': 0.0005466455254501438, 'loss': 0.33157889894551196, 'H_y': 0.24038774864647977, 'H_yx': 0.30634381976761543, 'masks': 1724.4545454545455}
{'epoch': 214, 'ce_loss': 0.0006391040916338003, 'loss': 0.33022634902075004, 'H_y': 0.258086160029251, 'H_yx': 0.305943967339347, 'masks': 1726.3548387096773}
{'epoch': 215, 'ce_loss': 0.0006879588805635985, 'loss': 0.329261136966833, 'H_y': 0.25863956073745137, 'H_yx': 0.3050700199306885, 'masks': 1727.557184750733}
{'epoch': 216, 'ce_loss': 0.0006134779976016949, 'loss': 0.32736660765879083, 'H_y': 0.25417006984425894, 'H_yx': 0.3032283195360898, 'masks': 1728.0146627565982}
{'epoch': 217, 'ce_loss': 0.0005859381022093367, 'loss': 0.3233371660594017, 'H_y': 0.2601126815653966, 'H_yx': 0.2999673150443378, 'masks': 1729.1749755620724}
{'epoch': 218, 'ce_loss': 0.0005460372022775072, 'loss': 0.3229228898751771, 'H_y': 0.26337499810220677, 'H_yx': 0.29979756943524644, 'masks': 1727.4604105571848}
{'epoch': 219, 'ce_loss': 0.000694766205925124, 'loss': 0.322787480780223, 'H_y': 0.25913343002486205, 'H_yx': 0.2993328611085142, 'masks': 1728.6265884652983}
{'epoch': 220, 'ce_loss': 0.0005598423917245059, 'loss': 0.31985592971740695, 'H_y': 0.26255937976688, 'H_yx': 0.29701764679141524, 'masks': 1729.6021505376343}
{'epoch': 220, 'test_acc': 91.83, 'test_loss': 0.43, 'ema_test_acc': 93.31, 'ema_test_loss': 0.402, 'particle_accs': [84.89, 86.06, 84.62, 64.62]}
{'epoch': 221, 'ce_loss': 0.000645180304224897, 'loss': 0.32112210355371323, 'H_y': 0.2599213212611971, 'H_yx': 0.29793563775011755, 'masks': 1728.6344086021506}
{'epoch': 222, 'ce_loss': 0.0006597535181066533, 'loss': 0.32985738154322286, 'H_y': 0.2392040774998194, 'H_yx': 0.30465345055534926, 'masks': 1722.6373411534703}
{'epoch': 223, 'ce_loss': 0.00046019787012910627, 'loss': 0.3169944659239619, 'H_y': 0.253135713853328, 'H_yx': 0.29409089988918713, 'masks': 1732.8357771260996}
{'epoch': 224, 'ce_loss': 0.000515183695495425, 'loss': 0.3179349737025193, 'H_y': 0.2610008654240173, 'H_yx': 0.2952714837279138, 'masks': 1732.2961876832844}
{'epoch': 225, 'ce_loss': 0.00043927925969378036, 'loss': 0.3145021651730393, 'H_y': 0.24775664407836376, 'H_yx': 0.29162461314266613, 'masks': 1735.1505376344087}
{'epoch': 226, 'ce_loss': 0.0005589143559061591, 'loss': 0.3155542518561187, 'H_y': 0.2535628684571528, 'H_yx': 0.29274397671863595, 'masks': 1734.7781036168133}
{'epoch': 227, 'ce_loss': 0.00046212538945673403, 'loss': 0.3189178610826867, 'H_y': 0.24421851275778236, 'H_yx': 0.2953534373177811, 'masks': 1734.3636363636363}
{'epoch': 228, 'ce_loss': 0.0005411771460915332, 'loss': 0.3115386535228755, 'H_y': 0.25421289267894226, 'H_yx': 0.28922193559325454, 'masks': 1735.126099706745}
{'epoch': 229, 'ce_loss': 0.00047761458605007464, 'loss': 0.31156670096041755, 'H_y': 0.2560061458589278, 'H_yx': 0.28939305041950353, 'masks': 1737.4545454545455}
{'epoch': 230, 'ce_loss': 0.0004849555507182306, 'loss': 0.3064850876262577, 'H_y': 0.26070476083753163, 'H_yx': 0.28510333500066926, 'masks': 1737.4565004887586}
{'epoch': 230, 'test_acc': 92.12, 'test_loss': 0.419, 'ema_test_acc': 93.33, 'ema_test_loss': 0.395, 'particle_accs': [85.28, 87.81, 83.51, 68.53]}
{'epoch': 231, 'ce_loss': 0.0005105727024647377, 'loss': 0.30829640082425036, 'H_y': 0.26124608840061425, 'H_yx': 0.28671808345634797, 'masks': 1737.8866080156404}
{'epoch': 232, 'ce_loss': 0.00046482410027192734, 'loss': 0.3047535843484446, 'H_y': 0.2640714158876667, 'H_yx': 0.283750068145064, 'masks': 1739.4652981427175}
{'epoch': 233, 'ce_loss': 0.00039905856898148854, 'loss': 0.301792454189336, 'H_y': 0.25765878445708273, 'H_yx': 0.28085513581919647, 'masks': 1740.843597262952}
{'epoch': 234, 'ce_loss': 0.0004134779770469098, 'loss': 0.30176294509791207, 'H_y': 0.24816042240181044, 'H_yx': 0.2803411600293768, 'masks': 1743.197458455523}
{'epoch': 235, 'ce_loss': 0.0004701525241280598, 'loss': 0.30135037060298997, 'H_y': 0.2571793532732761, 'H_yx': 0.28037489223806505, 'masks': 1740.6676441837733}
{'epoch': 236, 'ce_loss': 0.0003926653005652942, 'loss': 0.2980617637129706, 'H_y': 0.2574014394805345, 'H_yx': 0.2775309551379781, 'masks': 1742.3831867057675}
{'epoch': 237, 'ce_loss': 0.0003871812317769633, 'loss': 0.29587928537108216, 'H_y': 0.2667928784648694, 'H_yx': 0.2760649379834402, 'masks': 1742.197458455523}
{'epoch': 238, 'ce_loss': 0.00037395035856109163, 'loss': 0.2967617137690793, 'H_y': 0.25973177189234997, 'H_yx': 0.2765082225334609, 'masks': 1742.3010752688172}
{'epoch': 239, 'ce_loss': 0.0003638106484655093, 'loss': 0.2951249092642513, 'H_y': 0.2619307137887382, 'H_yx': 0.27517188456226305, 'masks': 1744.0957966764418}
{'epoch': 240, 'ce_loss': 0.0004465738842368601, 'loss': 0.2949624855730424, 'H_y': 0.2632563550859136, 'H_yx': 0.2750201682511896, 'masks': 1743.8318670576734}
{'epoch': 240, 'test_acc': 91.91, 'test_loss': 0.424, 'ema_test_acc': 93.44, 'ema_test_loss': 0.391, 'particle_accs': [85.06, 87.29, 84.09, 69.26]}
{'epoch': 241, 'ce_loss': 0.000352488972208281, 'loss': 0.29142460412002613, 'H_y': 0.2659625562667148, 'H_yx': 0.2720935607906194, 'masks': 1745.8905180840666}
{'epoch': 242, 'ce_loss': 0.0002937483333773089, 'loss': 0.2850768098412837, 'H_y': 0.26741181498981526, 'H_yx': 0.2665743561696447, 'masks': 1747.4017595307919}
{'epoch': 243, 'ce_loss': 0.000331486458926591, 'loss': 0.28516057038994713, 'H_y': 0.2671227735391693, 'H_yx': 0.26660082281684594, 'masks': 1748.6324535679375}
{'epoch': 244, 'ce_loss': 0.00042599154572863266, 'loss': 0.2851099804087468, 'H_y': 0.2674706153943042, 'H_yx': 0.26648921083262006, 'masks': 1748.7282502443793}
{'epoch': 245, 'ce_loss': 0.00030056866404520904, 'loss': 0.28348894849900275, 'H_y': 0.2625568457100748, 'H_yx': 0.26491375835585107, 'masks': 1749.2844574780058}
{'epoch': 246, 'ce_loss': 0.00031336516011129615, 'loss': 0.28416013531204776, 'H_y': 0.2617129741030821, 'H_yx': 0.2654569473405271, 'masks': 1748.1915933528837}
{'epoch': 247, 'ce_loss': 0.0003909955568465509, 'loss': 0.2800719429495747, 'H_y': 0.26618848963916475, 'H_yx': 0.261976843894635, 'masks': 1750.0527859237536}
{'epoch': 248, 'ce_loss': 0.0003257310742960908, 'loss': 0.27598103280757297, 'H_y': 0.26351269400830607, 'H_yx': 0.2582638081916966, 'masks': 1751.7790811339198}
{'epoch': 249, 'ce_loss': 0.0002049386815622245, 'loss': 0.2728630194507852, 'H_y': 0.26915558000056045, 'H_yx': 0.25588108989558495, 'masks': 1754.6549364613882}
{'epoch': 250, 'ce_loss': 0.00026008276659933227, 'loss': 0.27261120576196635, 'H_y': 0.2692979423298281, 'H_yx': 0.25561528869213596, 'masks': 1755.4134897360705}
{'epoch': 'final_epoch', 'test_acc': 92.58, 'test_loss': 0.369, 'ema_test_acc': 93.36, 'ema_test_loss': 0.378, 'particle_accs': [85.65, 86.82, 84.6, 69.47]}
